<?xml version="1.0" encoding="UTF-8"?>
<!-- Generated by org.testng.reporters.JUnitReportReporter -->
<testsuite hostname="THRINATH" failures="0" tests="1" name="DDT.SampleUnitTestCheckProjectInBackEnd" time="0.310" errors="0" timestamp="2025-01-11T11:35:07 IST" skipped="0">
  <testcase classname="DDT.SampleUnitTestCheckProjectInBackEnd" name="projectCheckTest" time="0.310"/>
  <system-out/>
</testsuite> <!-- DDT.SampleUnitTestCheckProjectInBackEnd -->
