<?xml version="1.0" encoding="UTF-8"?>
<!-- Generated by org.testng.reporters.JUnitReportReporter -->
<testsuite hostname="THRINATH" failures="0" tests="1" name="practice.pom.repository.SampleTestWithPom" time="16.582" errors="0" timestamp="2025-01-17T12:49:49 IST" skipped="0">
  <testcase classname="practice.pom.repository.SampleTestWithPom" name="sampleTest" time="16.582"/>
  <system-out/>
</testsuite> <!-- practice.pom.repository.SampleTestWithPom -->
