<?xml version="1.0" encoding="UTF-8"?>
<!-- Generated by org.testng.reporters.JUnitReportReporter -->
<testsuite hostname="THRINATH" failures="0" tests="1" name="practice.product.AccessingMoreOptions" time="32.500" errors="0" timestamp="2025-01-29T09:22:56 IST" skipped="0">
  <testcase classname="practice.product.AccessingMoreOptions" name="moreOptions" time="32.500"/>
  <system-out/>
</testsuite> <!-- practice.product.AccessingMoreOptions -->
