<?xml version="1.0" encoding="UTF-8"?>
<!-- Generated by org.testng.reporters.JUnitReportReporter -->
<testsuite hostname="THRINATH" failures="0" tests="3" name="practice.testng.GetProductInfoTest" time="46.876" errors="0" timestamp="2025-01-20T18:06:28 IST" skipped="0">
  <testcase classname="practice.testng.GetProductInfoTest" name="getProductInfoTest" time="29.150"/>
  <system-out/>
  <testcase classname="practice.testng.GetProductInfoTest" name="getProductInfoTest" time="9.776"/>
  <system-out/>
  <testcase classname="practice.testng.GetProductInfoTest" name="getProductInfoTest" time="7.950"/>
  <system-out/>
</testsuite> <!-- practice.testng.GetProductInfoTest -->
