<?xml version="1.0" encoding="UTF-8"?>
<!-- Generated by org.testng.reporters.JUnitReportReporter -->
<testsuite hostname="THRINATH" failures="0" tests="1" name="practice.mock.selfinalmock030225" time="6.644" errors="0" timestamp="2025-02-03T13:20:32 IST" skipped="0">
  <testcase classname="practice.mock.selfinalmock030225" name="clinique" time="6.644"/>
  <system-out>
    <![CDATA[Moisturizers & Face Creams
Cleansers & Face Wash
Face Serum
Eye care
Exfoliators & Toners
Sunscreen & SPF
Lip care
Makeup Remover
Face Masks
Hand & Body Care]]>
  </system-out>
</testsuite> <!-- practice.mock.selfinalmock030225 -->
