<?xml version="1.0" encoding="UTF-8"?>
<!-- Generated by org.testng.reporters.JUnitReportReporter -->
<testsuite hostname="THRINATH" failures="0" tests="1" name="practice.testng.ExtentReportTest" time="0.486" errors="0" timestamp="2025-01-25T12:39:39 IST" skipped="0">
  <testcase classname="practice.testng.ExtentReportTest" name="createContactTest" time="0.486"/>
  <system-out/>
</testsuite> <!-- practice.testng.ExtentReportTest -->
