<?xml version="1.0" encoding="UTF-8"?>
<!-- Generated by org.testng.reporters.JUnitReportReporter -->
<testsuite hostname="THRINATH" failures="0" tests="1" name="practice.mock.BMS" time="7.946" errors="0" timestamp="2025-01-27T13:05:30 IST" skipped="0">
  <testcase classname="practice.mock.BMS" name="threatres" time="7.946"/>
  <system-out>
    <![CDATA[=================Movies Playing Bengaluru=================
Royal
Sankranthiki Vasthunam
Sky Force
Forest
Rudhra Garuda Purana
Dominic and the Ladies Purse
Mufasa: The Lion King
Emergency
Choo Mantar
Madha Gaja Raja 
Daaku Maharaaj
Kudumbasthan
Rekhachithram
Flight Risk
Mr. HouseKeeping
Ramayana: The Legend of Prince Rama
=================Movies Playing Hyderabad=================
Saripodhaa Sanivaaram
The Greatest of All Time
35 (2024)
Stree 2: Sarkate Ka Aatank
Mathu Vadalara 2
Beetlejuice Beetlejuice
Kalinga
Uruku Patela
A.R.M
Khel Khel Mein
Utsavam
Committee Kurrollu
Thalapathy is the G.O.A.T.
Aay (Telugu)
Speed 220
Joker: Folie a Deux]]>
  </system-out>
</testsuite> <!-- practice.mock.BMS -->
