<?xml version="1.0" encoding="UTF-8"?>
<!-- Generated by org.testng.reporters.JUnitReportReporter -->
<testsuite hostname="THRINATH" failures="0" tests="2" name="practice.testng.SampleTest" time="0.020" errors="0" timestamp="2025-01-18T15:43:00 IST" skipped="0">
  <testcase classname="practice.testng.SampleTest" name="createContactTest" time="0.018"/>
  <system-out/>
  <testcase classname="practice.testng.SampleTest" name="createContactWithMobileNumberTest" time="0.002"/>
  <system-out/>
</testsuite> <!-- practice.testng.SampleTest -->
