<?xml version="1.0" encoding="UTF-8"?>
<!-- Generated by org.testng.reporters.JUnitReportReporter -->
<testsuite hostname="THRINATH" failures="0" tests="1" name="practice.testng.SampleTestForScreenShot" time="6.518" errors="0" timestamp="2025-01-23T13:18:41 IST" skipped="0">
  <testcase classname="practice.testng.SampleTestForScreenShot" name="amazonTest" time="6.518"/>
  <system-out/>
</testsuite> <!-- practice.testng.SampleTestForScreenShot -->
