<?xml version="1.0" encoding="UTF-8"?>
<!-- Generated by org.testng.reporters.JUnitReportReporter -->
<testsuite hostname="THRINATH" failures="0" tests="1" name="practice.product.UsingQuickCreate" time="35.504" errors="0" timestamp="2025-01-29T09:36:10 IST" skipped="0">
  <testcase classname="practice.product.UsingQuickCreate" name="quickCreate" time="35.504"/>
  <system-out>
    <![CDATA[snapchat34608 is created==pass]]>
  </system-out>
</testsuite> <!-- practice.product.UsingQuickCreate -->
