<?xml version="1.0" encoding="UTF-8"?>
<!-- Generated by org.testng.reporters.JUnitReportReporter -->
<testsuite hostname="THRINATH" failures="0" tests="1" name="DDT.xmlFile" time="0.015" errors="0" timestamp="2025-01-16T18:15:27 IST" skipped="0">
  <testcase classname="DDT.xmlFile" name="sampleTest" time="0.015"/>
  <system-out/>
</testsuite> <!-- DDT.xmlFile -->
